[    0.000000] Initializing cgroup subsys cpuset
[    0.000000] Initializing cgroup subsys cpu
[    0.000000] Initializing cgroup subsys cpuacct
[    0.000000] Linux version 4.4.0-210-generic (buildd@lgw01-amd64-009) (gcc version 5.4.0 20160609 (Ubuntu 5.4.0-6ubuntu1~16.04.12) ) #242-Ubuntu SMP Fri Apr 16 09:57:56 UTC 2021 (Ubuntu 4.4.0-210.242-generic 4.4.262)
[    0.000000] Command line: BOOT_IMAGE=/boot/vmlinuz-4.4.0-210-generic root=LABEL=cloudimg-rootfs ro console=tty1 console=ttyS0
[    0.000000] KERNEL supported cpus:
[    0.000000]   Intel GenuineIntel
[    0.000000]   AMD AuthenticAMD
[    0.000000]   Centaur CentaurHauls
[    0.000000] x86/fpu: Legacy x87 FPU detected.
[    0.000000] e820: BIOS-provided physical RAM map:
[    0.000000] BIOS-e820: [mem 0x0000000000000000-0x000000000009fbff] usable
[    0.000000] BIOS-e820: [mem 0x000000000009fc00-0x000000000009ffff] reserved
[    0.000000] BIOS-e820: [mem 0x00000000000f0000-0x00000000000fffff] reserved
[    0.000000] BIOS-e820: [mem 0x0000000000100000-0x000000003ffeffff] usable
[    0.000000] BIOS-e820: [mem 0x000000003fff0000-0x000000003fffffff] ACPI data
[    0.000000] BIOS-e820: [mem 0x00000000fec00000-0x00000000fec00fff] reserved
[    0.000000] BIOS-e820: [mem 0x00000000fee00000-0x00000000fee00fff] reserved
[    0.000000] BIOS-e820: [mem 0x00000000fffc0000-0x00000000ffffffff] reserved
[    0.000000] NX (Execute Disable) protection: active
[    0.000000] SMBIOS 2.5 present.
[    0.000000] Hypervisor detected: KVM
[    0.000000] e820: last_pfn = 0x3fff0 max_arch_pfn = 0x400000000
[    0.000000] MTRR: Disabled
[    0.000000] x86/PAT: MTRRs disabled, skipping PAT initialization too.
[    0.000000] CPU MTRRs all blank - virtualized system.
[    0.000000] x86/PAT: Configuration [0-7]: WB  WT  UC- UC  WB  WT  UC- UC  
[    0.000000] found SMP MP-table at [mem 0x0009fff0-0x0009ffff] mapped at [ffff88000009fff0]
[    0.000000] Scanning 1 areas for low memory corruption
[    0.000000] RAMDISK: [mem 0x362dc000-0x37165fff]
[    0.000000] ACPI: Early table checksum verification disabled
[    0.000000] ACPI: RSDP 0x00000000000E0000 000024 (v02 VBOX  )
[    0.000000] ACPI: XSDT 0x000000003FFF0030 00003C (v01 VBOX   VBOXXSDT 00000001 ASL  00000061)
[    0.000000] ACPI: FACP 0x000000003FFF00F0 0000F4 (v04 VBOX   VBOXFACP 00000001 ASL  00000061)
[    0.000000] ACPI: DSDT 0x000000003FFF0470 002325 (v02 VBOX   VBOXBIOS 00000002 INTL 20100528)
[    0.000000] ACPI: FACS 0x000000003FFF0200 000040
[    0.000000] ACPI: FACS 0x000000003FFF0200 000040
[    0.000000] ACPI: APIC 0x000000003FFF0240 00005C (v02 VBOX   VBOXAPIC 00000001 ASL  00000061)
[    0.000000] ACPI: SSDT 0x000000003FFF02A0 0001CC (v01 VBOX   VBOXCPUT 00000002 INTL 20100528)
[    0.000000] No NUMA configuration found
[    0.000000] Faking a node at [mem 0x0000000000000000-0x000000003ffeffff]
[    0.000000] NODE_DATA(0) allocated [mem 0x3ffeb000-0x3ffeffff]
[    0.000000] kvm-clock: Using msrs 4b564d01 and 4b564d00
[    0.000000] kvm-clock: cpu 0, msr 0:3ffe3001, primary cpu clock
[    0.000000] kvm-clock: using sched offset of 21149213119 cycles
[    0.000000] clocksource: kvm-clock: mask: 0xffffffffffffffff max_cycles: 0x1cd42e4dffb, max_idle_ns: 881590591483 ns
[    0.000000] Zone ranges:
[    0.000000]   DMA      [mem 0x0000000000001000-0x0000000000ffffff]
[    0.000000]   DMA32    [mem 0x0000000001000000-0x000000003ffeffff]
[    0.000000]   Normal   empty
[    0.000000]   Device   empty
[    0.000000] Movable zone start for each node
[    0.000000] Early memory node ranges
[    0.000000]   node   0: [mem 0x0000000000001000-0x000000000009efff]
[    0.000000]   node   0: [mem 0x0000000000100000-0x000000003ffeffff]
[    0.000000] Initmem setup node 0 [mem 0x0000000000001000-0x000000003ffeffff]
[    0.000000] ACPI: PM-Timer IO Port: 0x4008
[    0.000000] IOAPIC[0]: apic_id 2, version 32, address 0xfec00000, GSI 0-23
[    0.000000] ACPI: INT_SRC_OVR (bus 0 bus_irq 0 global_irq 2 dfl dfl)
[    0.000000] ACPI: INT_SRC_OVR (bus 0 bus_irq 9 global_irq 9 low level)
[    0.000000] Using ACPI (MADT) for SMP configuration information
[    0.000000] smpboot: Allowing 2 CPUs, 0 hotplug CPUs
[    0.000000] PM: Registered nosave memory: [mem 0x00000000-0x00000fff]
[    0.000000] PM: Registered nosave memory: [mem 0x0009f000-0x0009ffff]
[    0.000000] PM: Registered nosave memory: [mem 0x000a0000-0x000effff]
[    0.000000] PM: Registered nosave memory: [mem 0x000f0000-0x000fffff]
[    0.000000] e820: [mem 0x40000000-0xfebfffff] available for PCI devices
[    0.000000] Booting paravirtualized kernel on KVM
[    0.000000] clocksource: refined-jiffies: mask: 0xffffffff max_cycles: 0xffffffff, max_idle_ns: 7645519600211568 ns
[    0.000000] setup_percpu: NR_CPUS:512 nr_cpumask_bits:512 nr_cpu_ids:2 nr_node_ids:1
[    0.000000] PERCPU: Embedded 33 pages/cpu @ffff88003fc00000 s95192 r8192 d31784 u1048576
[    0.000000] Built 1 zonelists in Node order, mobility grouping on.  Total pages: 257912
[    0.000000] Policy zone: DMA32
[    0.000000] Kernel command line: BOOT_IMAGE=/boot/vmlinuz-4.4.0-210-generic root=LABEL=cloudimg-rootfs ro console=tty1 console=ttyS0
[    0.000000] PID hash table entries: 4096 (order: 3, 32768 bytes)
[    0.000000] Memory: 997792K/1048120K available (8644K kernel code, 1332K rwdata, 4044K rodata, 1492K init, 1164K bss, 50328K reserved, 0K cma-reserved)
[    0.000000] SLUB: HWalign=64, Order=0-3, MinObjects=0, CPUs=2, Nodes=1
[    0.000000] Kernel/User page tables isolation: enabled
[    0.000000] Hierarchical RCU implementation.
[    0.000000] 	Build-time adjustment of leaf fanout to 64.
[    0.000000] 	RCU restricting CPUs from NR_CPUS=512 to nr_cpu_ids=2.
[    0.000000] RCU: Adjusting geometry for rcu_fanout_leaf=64, nr_cpu_ids=2
[    0.000000] NR_IRQS:33024 nr_irqs:440 16
[    0.000000] Console: colour VGA+ 80x25
[    0.000000] console [tty1] enabled
[    0.000000] console [ttyS0] enabled
[    0.000000] tsc: Detected 2095.194 MHz processor
[    1.649176] Calibrating delay loop (skipped) preset value.. 4190.38 BogoMIPS (lpj=8380776)
[    1.668797] pid_max: default: 32768 minimum: 301
[    1.680120] ACPI: Core revision 20150930
[    1.691044] ACPI: 2 ACPI AML tables successfully acquired and loaded
[    1.706846] Security Framework initialized
[    1.718046] Yama: becoming mindful.
[    1.726876] AppArmor: AppArmor initialized
[    1.740710] Dentry cache hash table entries: 131072 (order: 8, 1048576 bytes)
[    1.764204] Inode-cache hash table entries: 65536 (order: 7, 524288 bytes)
[    1.787367] Mount-cache hash table entries: 2048 (order: 2, 16384 bytes)
[    1.802859] Mountpoint-cache hash table entries: 2048 (order: 2, 16384 bytes)
[    1.819776] Initializing cgroup subsys io
[    1.829881] Initializing cgroup subsys memory
[    1.840665] Initializing cgroup subsys devices
[    1.855637] Initializing cgroup subsys freezer
[    1.868605] Initializing cgroup subsys net_cls
[    1.879470] Initializing cgroup subsys perf_event
[    1.891183] Initializing cgroup subsys net_prio
[    1.904789] Initializing cgroup subsys hugetlb
[    1.918487] Initializing cgroup subsys pids
[    1.935892] mce: CPU supports 0 MCE banks
[    1.950318] Last level iTLB entries: 4KB 64, 2MB 8, 4MB 8
[    1.968617] Last level dTLB entries: 4KB 64, 2MB 0, 4MB 0, 1GB 4
[    1.985536] Spectre V1 : Mitigation: usercopy/swapgs barriers and __user pointer sanitization
[    2.006622] Spectre V2 : Mitigation: Full generic retpoline
[    2.019984] Spectre V2 : Spectre v2 / SpectreRSB mitigation: Filling RSB on context switch
[    2.039796] Speculative Store Bypass: Vulnerable
[    2.064617] MDS: Vulnerable: Clear CPU buffers attempted, no microcode
[    2.115028] Freeing SMP alternatives memory: 36K
[    2.176938] ftrace: allocating 32380 entries in 127 pages
[    2.636365] smpboot: APIC(0) Converting physical 0 to logical package 0
[    2.664655] smpboot: Max logical packages: 1
[    2.682027] x2apic enabled
[    2.692051] Switched APIC routing to physical x2apic.
[    2.713415] ..TIMER: vector=0x30 apic1=0 pin1=2 apic2=-1 pin2=-1
[    2.842149] smpboot: CPU0: Intel(R) Xeon(R) Platinum 8171M CPU @ 2.60GHz (family: 0x6, model: 0x55, stepping: 0x4)
[    2.887898] Performance Events: unsupported p6 CPU model 85 no PMU driver, software events only.
[    2.992212] KVM setup paravirtual spinlock
[    3.006326] x86: Booting SMP configuration:
[    3.018880] .... node  #0, CPUs:      #1
[    3.032301] kvm-clock: cpu 1, msr 0:3ffe3041, secondary cpu clock
[    3.058765] mce: CPU supports 0 MCE banks
[    3.075662] x86: Booted up 1 node, 2 CPUs
[    3.093013] smpboot: Total of 2 processors activated (8380.77 BogoMIPS)
[    3.119952] devtmpfs: initialized
[    3.135941] evm: security.selinux
[    3.150016] evm: security.SMACK64
[    3.167018] evm: security.SMACK64EXEC
[    3.186905] evm: security.SMACK64TRANSMUTE
[    3.204737] evm: security.SMACK64MMAP
[    3.215589] evm: security.ima
[    3.224828] evm: security.capability
[    3.236155] clocksource: jiffies: mask: 0xffffffff max_cycles: 0xffffffff, max_idle_ns: 7645041785100000 ns
[    3.266989] futex hash table entries: 512 (order: 3, 32768 bytes)
[    3.283793] pinctrl core: initialized pinctrl subsystem
[    3.299010] RTC time: 12:39:02, date: 03/11/22
[    3.313706] NET: Registered protocol family 16
[    3.340243] cpuidle: using governor ladder
[    3.371254] cpuidle: using governor menu
[    3.382584] PCCT header not found.
[    3.396234] ACPI: bus type PCI registered
[    3.411822] acpiphp: ACPI Hot Plug PCI Controller Driver version: 0.5
[    3.440678] PCI: Using configuration type 1 for base access
[    3.489680] ACPI: Added _OSI(Module Device)
[    3.504257] ACPI: Added _OSI(Processor Device)
[    3.517922] ACPI: Added _OSI(3.0 _SCP Extensions)
[    3.535299] ACPI: Added _OSI(Processor Aggregator Device)
[    3.557405] ACPI: Executed 1 blocks of module-level executable AML code
[    3.587619] ACPI: Interpreter enabled
[    3.599922] ACPI: (supports S0 S5)
[    3.613048] ACPI: Using IOAPIC for interrupt routing
[    3.631252] PCI: Using host bridge windows from ACPI; if necessary, use "pci=nocrs" and report a bug
[    3.734127] ACPI: PCI Root Bridge [PCI0] (domain 0000 [bus 00-ff])
[    3.755397] acpi PNP0A03:00: _OSC: OS supports [ASPM ClockPM Segments MSI]
[    3.780700] acpi PNP0A03:00: _OSC: not requesting OS control; OS requires [ExtendedConfig ASPM ClockPM MSI]
[    3.807269] acpi PNP0A03:00: fail to add MMCONFIG information, can't access extended PCI configuration space under this bridge.
[    3.857799] PCI host bridge to bus 0000:00
[    3.871234] pci_bus 0000:00: root bus resource [io  0x0000-0x0cf7 window]
[    3.890688] pci_bus 0000:00: root bus resource [io  0x0d00-0xffff window]
[    3.911769] pci_bus 0000:00: root bus resource [mem 0x000a0000-0x000bffff window]
[    3.939934] pci_bus 0000:00: root bus resource [mem 0x40000000-0xfdffffff window]
[    3.967310] pci_bus 0000:00: root bus resource [bus 00-ff]
[    4.037699] pci 0000:00:01.1: legacy IDE quirk: reg 0x10: [io  0x01f0-0x01f7]
[    4.065396] pci 0000:00:01.1: legacy IDE quirk: reg 0x14: [io  0x03f6]
[    4.098259] pci 0000:00:01.1: legacy IDE quirk: reg 0x18: [io  0x0170-0x0177]
[    4.124184] pci 0000:00:01.1: legacy IDE quirk: reg 0x1c: [io  0x0376]
[    4.281599] pci 0000:00:07.0: quirk: [io  0x4000-0x403f] claimed by PIIX4 ACPI
[    4.312278] pci 0000:00:07.0: quirk: [io  0x4100-0x410f] claimed by PIIX4 SMB
[    4.414724] ACPI: PCI Interrupt Link [LNKA] (IRQs 5 9 10 *11)
[    4.438228] ACPI: PCI Interrupt Link [LNKB] (IRQs 5 9 *10 11)
[    4.466115] ACPI: PCI Interrupt Link [LNKC] (IRQs 5 *9 10 11)
[    4.586222] ACPI: PCI Interrupt Link [LNKD] (IRQs 5 9 10 *11)
[    4.614975] ACPI: Enabled 2 GPEs in block 00 to 07
[    4.630594] vgaarb: setting as boot device: PCI:0000:00:02.0
[    4.645722] vgaarb: device added: PCI:0000:00:02.0,decodes=io+mem,owns=io+mem,locks=none
[    4.668648] vgaarb: loaded
[    4.677551] vgaarb: bridge control possible 0000:00:02.0
[    4.692973] SCSI subsystem initialized
[    4.706486] ACPI: bus type USB registered
[    4.721790] usbcore: registered new interface driver usbfs
[    4.737989] usbcore: registered new interface driver hub
[    4.753008] usbcore: registered new device driver usb
[    4.772028] PCI: Using ACPI for IRQ routing
[    4.792201] NetLabel: Initializing
[    4.806148] NetLabel:  domain hash size = 128
[    4.820734] NetLabel:  protocols = UNLABELED CIPSOv4
[    4.835463] NetLabel:  unlabeled traffic allowed by default
[    4.854893] amd_nb: Cannot enumerate AMD northbridges
[    4.875376] clocksource: Switched to clocksource kvm-clock
[    4.906736] AppArmor: AppArmor Filesystem Enabled
[    4.921505] pnp: PnP ACPI init
[    4.944768] pnp: PnP ACPI: found 3 devices
[    5.043103] clocksource: acpi_pm: mask: 0xffffff max_cycles: 0xffffff, max_idle_ns: 2085701024 ns
[    5.087115] NET: Registered protocol family 2
[    5.100738] TCP established hash table entries: 8192 (order: 4, 65536 bytes)
[    5.130500] TCP bind hash table entries: 8192 (order: 5, 131072 bytes)
[    5.159500] TCP: Hash tables configured (established 8192 bind 8192)
[    5.185762] UDP hash table entries: 512 (order: 2, 16384 bytes)
[    5.201260] UDP-Lite hash table entries: 512 (order: 2, 16384 bytes)
[    5.224663] NET: Registered protocol family 1
[    5.240761] pci 0000:00:00.0: Limiting direct PCI/PCI transfers
[    5.266228] pci 0000:00:01.0: Activating ISA DMA hang workarounds
[    5.298297] Unpacking initramfs...
[    5.935476] Freeing initrd memory: 14888K
[    5.951755] clocksource: tsc: mask: 0xffffffffffffffff max_cycles: 0x1e33748034d, max_idle_ns: 440795242246 ns
[    5.982467] platform rtc_cmos: registered platform RTC device (no PNP device found)
[    6.004954] Scanning for low memory corruption every 60 seconds
[    6.028642] audit: initializing netlink subsys (disabled)
[    6.044055] audit: type=2000 audit(1647002364.275:1): initialized
[    6.065021] Initialise system trusted keyring
[    6.084295] HugeTLB registered 2 MB page size, pre-allocated 0 pages
[    6.106915] zbud: loaded
[    6.118772] VFS: Disk quotas dquot_6.6.0
[    6.131972] VFS: Dquot-cache hash table entries: 512 (order 0, 4096 bytes)
[    6.156854] squashfs: version 4.0 (2009/01/31) Phillip Lougher
[    6.187639] fuse init (API version 7.23)
[    6.208613] Key type big_key registered
[    6.226972] Allocating IMA MOK and blacklist keyrings.
[    6.275904] Key type asymmetric registered
[    6.293169] Asymmetric key parser 'x509' registered
[    6.309827] Block layer SCSI generic (bsg) driver version 0.4 loaded (major 249)
[    6.334103] io scheduler noop registered
[    6.347657] io scheduler deadline registered (default)
[    6.362654] io scheduler cfq registered
[    6.374409] pci_hotplug: PCI Hot Plug PCI Core version: 0.5
[    6.396784] pciehp: PCI Express Hot Plug Controller Driver version: 0.4
[    6.426907] ACPI: AC Adapter [AC] (on-line)
[    6.441596] input: Power Button as /devices/LNXSYSTM:00/LNXPWRBN:00/input/input0
[    6.475659] ACPI: Power Button [PWRF]
[    6.492685] input: Sleep Button as /devices/LNXSYSTM:00/LNXSLPBN:00/input/input1
[    6.517061] ACPI: Sleep Button [SLPF]
[    6.532218] GHES: HEST is not enabled!
[    6.549962] Serial: 8250/16550 driver, 32 ports, IRQ sharing enabled
[    6.612599] 00:02: ttyS0 at I/O 0x3f8 (irq = 4, base_baud = 115200) is a 16550A
[    6.676325] Linux agpgart interface v0.103
[    6.717871] loop: module loaded
[    6.738717] scsi host0: ata_piix
[    6.753871] scsi host1: ata_piix
[    6.769861] ata1: PATA max UDMA/33 cmd 0x1f0 ctl 0x3f6 bmdma 0xd000 irq 14
[    6.795868] ata2: PATA max UDMA/33 cmd 0x170 ctl 0x376 bmdma 0xd008 irq 15
[    6.828282] libphy: Fixed MDIO Bus: probed
[    6.846900] tun: Universal TUN/TAP device driver, 1.6
[    6.860525] tun: (C) 1999-2004 Max Krasnyansky <maxk@qualcomm.com>
[    6.879947] PPP generic driver version 2.4.2
[    6.894610] ehci_hcd: USB 2.0 'Enhanced' Host Controller (EHCI) Driver
[    6.916249] ehci-pci: EHCI PCI platform driver
[    6.931145] ehci-platform: EHCI generic platform driver
[    6.956391] ohci_hcd: USB 1.1 'Open' Host Controller (OHCI) Driver
[    6.999511] ohci-pci: OHCI PCI platform driver
[    7.015013] ohci-platform: OHCI generic platform driver
[    7.030559] uhci_hcd: USB Universal Host Controller Interface driver
[    7.051093] i8042: PNP: PS/2 Controller [PNP0303:PS2K,PNP0f03:PS2M] at 0x60,0x64 irq 1,12
[    7.085173] serio: i8042 KBD port at 0x60,0x64 irq 1
[    7.100869] serio: i8042 AUX port at 0x60,0x64 irq 12
[    7.122177] mousedev: PS/2 mouse device common for all mice
[    7.148774] input: AT Translated Set 2 keyboard as /devices/platform/i8042/serio0/input/input2
[    7.184829] rtc_cmos rtc_cmos: rtc core: registered rtc_cmos as rtc0
[    7.203383] rtc_cmos rtc_cmos: alarms up to one day, 114 bytes nvram
[    7.224046] i2c /dev entries driver
[    7.237431] device-mapper: uevent: version 1.0.3
[    7.252444] device-mapper: ioctl: 4.34.0-ioctl (2015-10-28) initialised: dm-devel@redhat.com
[    7.280304] ledtrig-cpu: registered to indicate activity on CPUs
[    7.303001] NET: Registered protocol family 10
[    7.321840] NET: Registered protocol family 17
[    7.337056] Key type dns_resolver registered
[    7.359696] registered taskstats version 1
[    7.379897] Loading compiled-in X.509 certificates
[    7.397997] Loaded X.509 cert 'Build time autogenerated kernel key: cf00e047681d67edb2720680708b7d9498083038'
[    7.434683] zswap: loaded using pool lzo/zbud
[    7.473176] Key type trusted registered
[    7.521783] Key type encrypted registered
[    7.537102] AppArmor: AppArmor sha1 policy hashing enabled
[    7.554659] ima: No TPM chip found, activating TPM-bypass!
[    7.571445] ima: Allocated hash algorithm: sha1
[    7.585064] evm: HMAC attrs: 0x1
[    7.614354]   Magic number: 14:212:683
[    7.626239] rtc_cmos rtc_cmos: setting system clock to 2022-03-11 12:39:06 UTC (1647002346)
[    7.651895] BIOS EDD facility v0.16 2004-Jun-25, 0 devices found
[    7.670015] EDD information not available.
[    7.691809] Freeing unused kernel memory: 1492K
[    7.719795] Write protecting the kernel read-only data: 14336k
[    7.745618] Freeing unused kernel memory: 1584K
[    7.762658] Freeing unused kernel memory: 52K
Loading, please wait...
starting version 229
[    7.999273] random: systemd-udevd: uninitialized urandom read (16 bytes read, 3 bits of entropy available)
[    8.038031] random: udevadm: uninitialized urandom read (16 bytes read, 3 bits of entropy available)
[    8.038071] random: udevadm: uninitialized urandom read (16 bytes read, 3 bits of entropy available)
[    8.118981] random: systemd-udevd: uninitialized urandom read (16 bytes read, 3 bits of entropy available)
[    8.168765] random: systemd-udevd: uninitialized urandom read (16 bytes read, 3 bits of entropy available)
[    8.217453] random: systemd-udevd: uninitialized urandom read (16 bytes read, 3 bits of entropy available)
[    8.273077] random: systemd-udevd: uninitialized urandom read (16 bytes read, 3 bits of entropy available)
[    8.309440] random: systemd-udevd: uninitialized urandom read (16 bytes read, 3 bits of entropy available)
[    8.344426] random: systemd-udevd: uninitialized urandom read (16 bytes read, 3 bits of entropy available)
[    8.375920] random: systemd-udevd: uninitialized urandom read (16 bytes read, 3 bits of entropy available)
[    8.624931] Fusion MPT base driver 3.04.20
[    8.644232] Copyright (c) 1999-2008 LSI Corporation
[    8.720385] e1000: Intel(R) PRO/1000 Network Driver - version 7.3.21-k8-NAPI
[    8.757680] e1000: Copyright (c) 1999-2006 Intel Corporation.
[    8.890339] Fusion MPT SPI Host driver 3.04.20
[    9.587279] input: ImExPS/2 Generic Explorer Mouse as /devices/platform/i8042/serio1/input/input4
[   11.958863] e1000 0000:00:03.0 eth0: (PCI:33MHz:32-bit) 02:be:82:6b:cc:1d
[   11.980883] e1000 0000:00:03.0 eth0: Intel(R) PRO/1000 Network Connection
[   12.035946] mptbase: ioc0: Initiating bringup
[   12.121429] ioc0: LSI53C1030 A0: Capabilities={Initiator}
[   12.328520] scsi host2: ioc0: LSI53C1030 A0, FwRev=00000000h, Ports=1, MaxQ=256, IRQ=20
[   12.498602] scsi 2:0:0:0: Direct-Access     VBOX     HARDDISK         1.0  PQ: 0 ANSI: 5
[   12.551221] scsi target2:0:0: Beginning Domain Validation
[   12.634268] scsi target2:0:0: Domain Validation skipping write tests
[   12.667242] scsi target2:0:0: Ending Domain Validation
[   12.698926] scsi target2:0:0: asynchronous
[   12.732082] scsi 2:0:1:0: Direct-Access     VBOX     HARDDISK         1.0  PQ: 0 ANSI: 5
[   12.776743] scsi target2:0:1: Beginning Domain Validation
[   12.872479] scsi target2:0:1: Domain Validation skipping write tests
[   12.909453] scsi target2:0:1: Ending Domain Validation
[   12.941017] scsi target2:0:1: asynchronous
[   13.187223] sd 2:0:0:0: [sda] 83886080 512-byte logical blocks: (42.9 GB/40.0 GiB)
[   13.246514] sd 2:0:0:0: Attached scsi generic sg0 type 0
[   13.303956] sd 2:0:1:0: [sdb] 20480 512-byte logical blocks: (10.5 MB/10.0 MiB)
[   13.360095] sd 2:0:1:0: Attached scsi generic sg1 type 0
[   13.476899] sd 2:0:1:0: [sdb] Write Protect is off
[   13.521097] sd 2:0:0:0: [sda] Write Protect is off
[   13.552410] sd 2:0:1:0: [sdb] Incomplete mode parameter data
[   13.561784] sd 2:0:0:0: [sda] Incomplete mode parameter data
[   13.562032] sd 2:0:0:0: [sda] Assuming drive cache: write through
[   13.624274]  sda: sda1
[   13.697893] sd 2:0:0:0: [sda] Attached SCSI disk
[   13.745625] sd 2:0:1:0: [sdb] Assuming drive cache: write through
[   13.900071] sd 2:0:1:0: [sdb] Attached SCSI disk
[   15.486661] e1000 0000:00:08.0 eth1: (PCI:33MHz:32-bit) 08:00:27:f1:82:50
[   15.509851] e1000 0000:00:08.0 eth1: Intel(R) PRO/1000 Network Connection
[   15.557990] e1000 0000:00:03.0 enp0s3: renamed from eth0
[   15.600880] e1000 0000:00:08.0 enp0s8: renamed from eth1
Begin: Loading essential drivers ... [   19.157633] md: linear personality registered for level -1
[   19.194317] md: multipath personality registered for level -4
[   19.225500] md: raid0 personality registered for level 0
[   19.290949] md: raid1 personality registered for level 1
[   19.408056] raid6: sse2x1   gen()  5643 MB/s
[   19.499840] raid6: sse2x1   xor()  2265 MB/s
[   19.599860] raid6: sse2x2   gen()  5501 MB/s
[   19.683783] raid6: sse2x2   xor()  3700 MB/s
[   19.776091] raid6: sse2x4   gen()  5880 MB/s
[   19.859689] raid6: sse2x4   xor()  2639 MB/s
[   19.887641] raid6: using algorithm sse2x4 gen() 5880 MB/s
[   19.913332] raid6: .... xor() 2639 MB/s, rmw enabled
[   19.930353] raid6: using ssse3x2 recovery algorithm
[   19.958253] xor: measuring software checksum speed
[   20.028266]    prefetch64-sse:  7527.000 MB/sec
[   20.095745]    generic_sse:  8287.000 MB/sec
[   20.117510] xor: using function: generic_sse (8287.000 MB/sec)
[   20.156341] async_tx: api initialized (async)
[   20.319520] md: raid6 personality registered for level 6
[   20.337636] md: raid5 personality registered for level 5
[   20.355420] md: raid4 personality registered for level 4
[   20.449162] md: raid10 personality registered for level 10
done.
Begin: Running /scripts/init-premount ... done.
Begin: Mounting root file system ... Begin: Running /scripts/local-top ... done.
Begin: Running /scripts/local-premount ... [   20.763913] Btrfs loaded
Scanning for Btrfs filesystems
done.
Warning: fsck not present, so skipping root file system
[   21.076025] EXT4-fs (sda1): mounted filesystem with ordered data mode. Opts: (null)
done.
Begin: Running /scripts/local-bottom ... done.
Begin: Running /scripts/init-bottom ... [   21.265765] random: nonblocking pool is initialized
done.
[   21.949865] systemd[1]: systemd 229 running in system mode. (+PAM +AUDIT +SELINUX +IMA +APPARMOR +SMACK +SYSVINIT +UTMP +LIBCRYPTSETUP +GCRYPT +GNUTLS +ACL +XZ -LZ4 +SECCOMP +BLKID +ELFUTILS +KMOD -IDN)
[   22.007911] systemd[1]: Detected virtualization oracle.
[   22.026142] systemd[1]: Detected architecture x86-64.

Welcome to [1mUbuntu 16.04.7 LTS[0m!

[   22.082104] systemd[1]: Set hostname to <ubuntu>.
[   22.126113] systemd[1]: Initializing machine ID from random generator.
[   22.155165] systemd[1]: Installed transient /etc/machine-id file.
[   23.314450] systemd[1]: Listening on Device-mapper event daemon FIFOs.
[[0;32m  OK  [0m] Listening on Device-mapper event daemon FIFOs.
[   23.379655] systemd[1]: Reached target Encrypted Volumes.
[[0;32m  OK  [0m] Reached target Encrypted Volumes.
[   23.419996] systemd[1]: Listening on LVM2 metadata daemon socket.
[[0;32m  OK  [0m] Listening on LVM2 metadata daemon socket.
[   23.501074] systemd[1]: Created slice System Slice.
[[0;32m  OK  [0m] Created slice System Slice.
[   23.555626] systemd[1]: Created slice User and Session Slice.
[[0;32m  OK  [0m] Created slice User and Session Slice.
[   23.618207] systemd[1]: Listening on Journal Socket.
[[0;32m  OK  [0m] Listening on Journal Socket.
[   23.687518] systemd[1]: Starting Uncomplicated firewall...
         Starting Uncomplicated firewall...
[   23.759826] systemd[1]: Listening on LVM2 poll daemon socket.
[[0;32m  OK  [0m] Listening on LVM2 poll daemon socket.
[   23.841634] systemd[1]: Starting Nameserver information manager...
         Starting Nameserver information manager...
[   23.908194] systemd[1]: Starting Create list of required static device nodes for the current kernel...
         Starting Create list of required st... nodes for the current kernel...
[   24.006904] systemd[1]: Reached target Slices.
[[0;32m  OK  [0m] Reached target Slices.
[   24.058405] systemd[1]: Listening on fsck to fsckd communication Socket.
[[0;32m  OK  [0m] Listening on fsck to fsckd communication Socket.
[   24.141516] systemd[1]: Starting File System Check on Root Device...
         Starting File System Check on Root Device...
[   24.202058] systemd[1]: Listening on udev Kernel Socket.
[[0;32m  OK  [0m] Listening on udev Kernel Socket.
[   24.256700] systemd[1]: Set up automount Arbitrary Executable File Formats File System Automount Point.
[[0;32m  OK  [0m] Set up automount Arbitrary Executab...ats File System Automount Point.
[   24.358475] systemd[1]: Reached target System Time Synchronized.
[[0;32m  OK  [0m] Reached target System Time Synchronized.
[   24.415102] systemd[1]: Listening on udev Control Socket.
[[0;32m  OK  [0m] Listening on udev Control Socket.
[   24.470618] systemd[1]: Listening on /dev/initctl Compatibility Named Pipe.
[[0;32m  OK  [0m] Listening on /dev/initctl Compatibility Named Pipe.
[   24.572157] systemd[1]: Starting Set console keymap...
         Starting Set console keymap...
[   24.641469] systemd[1]: Starting Monitoring of LVM2 mirrors, snapshots etc. using dmeventd or progress polling...
         Starting Monitoring of LVM2 mirrors... dmeventd or progress polling...
[   24.751434] systemd[1]: Listening on Journal Socket (/dev/log).
[[0;32m  OK  [0m] Listening on Journal Socket (/dev/log).
[   24.828806] systemd[1]: Listening on Journal Audit Socket.
[[0;32m  OK  [0m] Listening on Journal Audit Socket.
[   24.974565] systemd[1]: Starting Load Kernel Modules...
         Starting Load Kernel Modules...
[   25.039965] systemd[1]: Created slice system-serial\x2dgetty.slice.
[[0;32m  OK  [0m] Created slice system-serial\x2dgetty.slice.
[   25.109191] systemd[1]: Started Trigger resolvconf update for networkd DNS.
[[0;32m  OK  [0m] Started Trigger resolvconf update for networkd DNS.
[   25.197212] systemd[1]: Reached target User and Group Name Lookups.
[[0;32m  OK  [0m] Reached target User and Group Name Lookups.
[   25.305400] Loading iSCSI transport class v2.0-870.
[   25.305569] systemd[1]: Mounting POSIX Message Queue File System...
         Mounting POSIX Message Queue File System...
[   25.429361] systemd[1]: Listening on Syslog Socket.
[[0;32m  OK  [0m] Listening on Syslog Socket.
[   25.513558] iscsi: registered transport (tcp)
[   25.551498] systemd[1]: Starting Journal Service...
         Starting Journal Service...
[   25.633474] systemd[1]: Mounting Debug File System...
         Mounting Debug File System...
[   25.753786] systemd[1]: Reached target Swap.
[[0;32m  OK  [0m] Reached target Swap.
[   25.892269] systemd[1]: Mounting Huge Pages File System...
         Mounting Huge Pages File System...
[   25.976416] systemd[1]: Started Forward Password Requests to Wall Directory Watch.
[[0;32m  OK  [0m] Started Forward Password Requests to Wall Directory Watch.
[   26.097498] systemd[1]: Mounted Huge Pages File System.
[   26.128524] iscsi: registered transport (iser)
[[0;32m  OK  [0m] Mounted Huge Pages File System.
[   26.183267] systemd[1]: Mounted POSIX Message Queue File System.
[[0;32m  OK  [0m] Mounted POSIX Message Queue File System.
[   26.265356] systemd[1]: Mounted Debug File System.
[[0;32m  OK  [0m] Mounted Debug File System.
[   26.336514] systemd[1]: Started Journal Service.
[[0;32m  OK  [0m] Started Journal Service.
[[0;32m  OK  [0m] Started Uncomplicated firewall.
[[0;32m  OK  [0m] Started Create list of required sta...ce nodes for the current kernel.
[[0;32m  OK  [0m] Started File System Check on Root Device.
[[0;32m  OK  [0m] Started Set console keymap.
[[0;32m  OK  [0m] Started Load Kernel Modules.
[[0;32m  OK  [0m] Started Nameserver information manager.
[[0;32m  OK  [0m] Started File System Check Daemon to report status.
[[0;32m  OK  [0m] Started LVM2 metadata daemon.
         Starting Apply Kernel Variables...
         Mounting FUSE Control File System...
         Starting Remount Root and Kernel File Systems...
         Starting Create Static Device Nodes in /dev...
[[0;32m  OK  [0m] Started Apply Kernel Variables.
[[0;32m  OK  [0m] Mounted FUSE Control File System.
[[0;32m  OK  [0m] Started Remount Root and Kernel File Systems.
         Starting Flush Journal to Persistent Storage...
         Starting Load/Save Random Seed...
         Starting udev Coldplug all Devices...
[[0;32m  OK  [0m] Started Create Static Device Nodes in /dev.
[[0;32m  OK  [0m] Started Load/Save Random Seed.
         Starting udev Kernel Device Manager...
[[0;32m  OK  [0m] Started Flush Journal to Persistent Storage.
[[0;32m  OK  [0m] Started Monitoring of LVM2 mirrors,...ng dmeventd or progress polling.
[[0;32m  OK  [0m] Reached target Local File Systems (Pre).
[[0;32m  OK  [0m] Reached target Local File Systems.
         Starting Set console font and keymap...
         Starting Commit a transient machine-id on disk...
         Starting Create Volatile Files and Directories...
         Starting Tell Plymouth To Write Out Runtime Data...
         Starting Initial cloud-init job (pre-networking)...
         Starting LSB: AppArmor initialization...
[[0;32m  OK  [0m] Started Commit a transient machine-id on disk.
[[0;32m  OK  [0m] Started Tell Plymouth To Write Out Runtime Data.
[[0;32m  OK  [0m] Started Create Volatile Files and Directories.
         Starting Update UTMP about System Boot/Shutdown...
[[0;32m  OK  [0m] Started udev Kernel Device Manager.
[[0;32m  OK  [0m] Started Update UTMP about System Boot/Shutdown.
[[0;32m  OK  [0m] Started udev Coldplug all Devices.
[[0;32m  OK  [0m] Started Dispatch Password Requests to Console Directory Watch.
[[0;32m  OK  [0m] Started Set console font and keymap.
[[0;32m  OK  [0m] Created slice system-getty.slice.
[[0;32m  OK  [0m] Found device /dev/ttyS0.
[[0;32m  OK  [0m] Listening on Load/Save RF Kill Switch Status /dev/rfkill Watch.
[[0;32m  OK  [0m] Started LSB: AppArmor initialization.
         Starting Load AppArmor profiles managed internally by snapd...
[[0;32m  OK  [0m] Started Load AppArmor profiles managed internally by snapd.
[   76.449674] cloud-init[479]: Cloud-init v. 21.1-19-gbad84ad4-0ubuntu1~16.04.2 running 'init-local' at Fri, 11 Mar 2022 12:39:55 +0000. Up 53.47 seconds.
[[0;32m  OK  [0m] Started Initial cloud-init job (pre-networking).
[[0;32m  OK  [0m] Reached target Network (Pre).
         Starting Raise network interfaces...
[ [0;31m*[0;1;31m*[0m[0;31m*  [0m] A start job is running for Raise ne...k interfaces (1min 7s / 6min 2s)[K[[0;31m*[0;1;31m*[0m[0;31m*   [0m] A start job is running for Raise ne...k interfaces (1min 7s / 6min 2s)[K[[0;1;31m*[0m[0;31m*    [0m] A start job is running for Raise ne...k interfaces (1min 8s / 6min 2s)[K[[0m[0;31m*     [0m] A start job is running for Raise ne...k interfaces (1min 8s / 6min 2s)[K[[0;32m  OK  [0m] Started Raise network interfaces.
[[0;32m  OK  [0m] Reached target Network.
         Starting Initial cloud-init job (metadata service crawler)...
[  579.799365] cloud-init[966]: Cloud-init v. 21.1-19-gbad84ad4-0ubuntu1~16.04.2 running 'init' at Fri, 11 Mar 2022 12:44:22 +0000. Up 320.45 seconds.
[  579.882365] cloud-init[966]: ci-info: ++++++++++++++++++++++++++++++++++++++Net device info+++++++++++++++++++++++++++++++++++++++
[  579.989788] cloud-init[966]: ci-info: +--------+-------+----------------------------+---------------+--------+-------------------+
[  580.070425] cloud-init[966]: ci-info: | Device |   Up  |          Address           |      Mask     | Scope  |     Hw-Address    |
[  580.174788] cloud-init[966]: ci-info: +--------+-------+----------------------------+---------------+--------+-------------------+
[  580.259173] cloud-init[966]: ci-info: | enp0s3 |  True |         10.0.2.15          | 255.255.255.0 | global | 02:be:82:6b:cc:1d |
[  580.347179] cloud-init[966]: ci-info: | enp0s3 |  True | fe80::be:82ff:fe6b:cc1d/64 |       .       |  link  | 02:be:82:6b:cc:1d |
[  580.418514] cloud-init[966]: ci-info: | enp0s8 | False |             .              |       .       |   .    | 08:00:27:f1:82:50 |
[  580.536495] cloud-init[966]: ci-info: |   lo   |  True |         127.0.0.1          |   255.0.0.0   |  host  |         .         |
[  580.627473] cloud-init[966]: ci-info: |   lo   |  True |          ::1/128           |       .       |  host  |         .         |
[  580.710417] cloud-init[966]: ci-info: +--------+-------+----------------------------+---------------+--------+-------------------+
[  580.821701] cloud-init[966]: ci-info: +++++++++++++++++++++++++++Route IPv4 info++++++++++++++++++++++++++++
[  580.899954] cloud-init[966]: ci-info: +-------+-------------+----------+---------------+-----------+-------+
[  580.975035] cloud-init[966]: ci-info: | Route | Destination | Gateway  |    Genmask    | Interface | Flags |
[  581.059115] cloud-init[966]: ci-info: +-------+-------------+----------+---------------+-----------+-------+
[  581.146612] cloud-init[966]: ci-info: |   0   |   0.0.0.0   | 10.0.2.2 |    0.0.0.0    |   enp0s3  |   UG  |
[  581.224009] cloud-init[966]: ci-info: |   1   |   10.0.2.0  | 0.0.0.0  | 255.255.255.0 |   enp0s3  |   U   |
[  581.310075] cloud-init[966]: ci-info: +-------+-------------+----------+---------------+-----------+-------+
[  581.386181] cloud-init[966]: ci-info: +++++++++++++++++++Route IPv6 info+++++++++++++++++++
[  581.454543] cloud-init[966]: ci-info: +-------+-------------+---------+-----------+-------+
[  581.547309] cloud-init[966]: ci-info: | Route | Destination | Gateway | Interface | Flags |
[  581.611712] cloud-init[966]: ci-info: +-------+-------------+---------+-----------+-------+
[  581.670411] cloud-init[966]: ci-info: |   0   |  fe80::/64  |    ::   |   enp0s3  |   U   |
[  581.737202] cloud-init[966]: ci-info: |   4   |   ff00::/8  |    ::   |   enp0s3  |   U   |
[  581.816837] cloud-init[966]: ci-info: +-------+-------------+---------+-----------+-------+
[  581.880283] cloud-init[966]: Generating public/private rsa key pair.
[  581.941882] cloud-init[966]: Your identification has been saved in /etc/ssh/ssh_host_rsa_key.
[  582.018870] cloud-init[966]: Your public key has been saved in /etc/ssh/ssh_host_rsa_key.pub.
[  582.083274] cloud-init[966]: The key fingerprint is:
[  582.126367] cloud-init[966]: SHA256:aeS+PbZCeewZbSqmVXJO2NZdFkpsgMI3xCVicmmu7aM root@ubuntu-xenial
[  582.183049] cloud-init[966]: The key's randomart image is:
[  582.249416] cloud-init[966]: +---[RSA 2048]----+
[  582.288379] cloud-init[966]: |     ..++oooo. . |
[  582.342053] cloud-init[966]: |      +=.=. .o. .|
[  582.392797] cloud-init[966]: |      o + . ..  o|
[  582.445374] cloud-init[966]: |       + + . . o |
[  582.517903] cloud-init[966]: |      o So*.. .  |
[  582.581426] cloud-init[966]: |     . +oB+ o    |
[  582.635116] cloud-init[966]: |      ..oo.=     |
[  582.683963] cloud-init[966]: |       ++o*      |
[  582.725897] cloud-init[966]: |     Eooo+oo     |
[  582.777710] cloud-init[966]: +----[SHA256]-----+
[  582.863609] cloud-init[966]: Generating public/private dsa key pair.
[  582.943712] cloud-init[966]: Your identification has been saved in /etc/ssh/ssh_host_dsa_key.
[  583.015983] cloud-init[966]: Your public key has been saved in /etc/ssh/ssh_host_dsa_key.pub.
[  583.085316] cloud-init[966]: The key fingerprint is:
[  583.141685] cloud-init[966]: SHA256:ykUEuLM+WprlakV7iscvSjXVoI9161dCy81CNDs32Ig root@ubuntu-xenial
[  583.240590] cloud-init[966]: The key's randomart image is:
[  583.277687] cloud-init[966]: +---[DSA 1024]----+
[  583.331969] cloud-init[966]: |     .o.. o      |
[  583.379243] cloud-init[966]: |    .. + o *     |
[  583.436581] cloud-init[966]: |    ..o E B +    |
[  583.534546] cloud-init[966]: |    += o = * .   |
[  583.592136] cloud-init[966]: |   .++. S = +    |
[  583.646376] cloud-init[966]: |   .+o.+   +     |
[  583.692740] cloud-init[966]: |  .=ooo . .      |
[  583.743475] cloud-init[966]: | .o*B    .       |
[  583.851774] cloud-init[966]: | .*=.+.          |
[  583.897767] cloud-init[966]: +----[SHA256]-----+
[  583.949512] cloud-init[966]: Generating public/private ecdsa key pair.
[  584.032186] cloud-init[966]: Your identification has been saved in /etc/ssh/ssh_host_ecdsa_key.
[  584.104831] cloud-init[966]: Your public key has been saved in /etc/ssh/ssh_host_ecdsa_key.pub.
[  584.182918] cloud-init[966]: The key fingerprint is:
[  584.232197] cloud-init[966]: SHA256:PEKNov8OcCPjJLsRZSgWM9PWNIMK6YVD6IHQl6JuDD8 root@ubuntu-xenial
[  584.302968] cloud-init[966]: The key's randomart image is:
[  584.361617] cloud-init[966]: +---[ECDSA 256]---+
[  584.433714] cloud-init[966]: |*Oo +=           |
[  584.495386] cloud-init[966]: |==B=o.oo         |
[  584.539734] cloud-init[966]: |*oOo. o .        |
[  584.591127] cloud-init[966]: |=* . o .         |
[  584.652548] cloud-init[966]: |*.* o . S        |
[  584.742976] cloud-init[966]: | XE* . . .       |
[  584.785438] cloud-init[966]: |+ ..o            |
[  584.836210] cloud-init[966]: | o   o           |
[  584.900667] cloud-init[966]: |.    .o          |
[  584.957080] cloud-init[966]: +----[SHA256]-----+
[  585.037367] cloud-init[966]: Generating public/private ed25519 key pair.
[  585.113435] cloud-init[966]: Your identification has been saved in /etc/ssh/ssh_host_ed25519_key.
[  585.182725] cloud-init[966]: Your public key has been saved in /etc/ssh/ssh_host_ed25519_key.pub.
[  585.236233] cloud-init[966]: The key fingerprint is:
[  585.285856] cloud-init[966]: SHA256:ssvPH09w57VKgQBi5/mG/TvViI64Wm1ZtbRnuwAUZa8 root@ubuntu-xenial
[  585.374265] cloud-init[966]: The key's randomart image is:
[  585.441586] cloud-init[966]: +--[ED25519 256]--+
[  585.492313] cloud-init[966]: |     o o   ..o   |
[  585.537319] cloud-init[966]: |    . + o   o .  |
[  585.604185] cloud-init[966]: |       o . . o . |
[  585.657446] cloud-init[966]: |        + o + +  |
[  585.733628] cloud-init[966]: |      ..S+.+oE+o.|
[  585.772662] cloud-init[966]: |       oo ++.=+oo|
[  585.845753] cloud-init[966]: |      ...++.oo.o |
[  585.908366] cloud-init[966]: |     ..+.. *o o .|
[  585.979627] cloud-init[966]: |     .+o+...o. . |
[  586.047546] cloud-init[966]: +----[SHA256]-----+
[[0;32m  OK  [0m] Started Initial cloud-init job (metadata service crawler).
[[0;32m  OK  [0m] Reached target Network is Online.
         Starting iSCSI initiator daemon (iscsid)...
[[0;32m  OK  [0m] Reached target Cloud-config availability.
[[0;32m  OK  [0m] Reached target System Initialization.
[[0;32m  OK  [0m] Started Message of the Day.
[[0;32m  OK  [0m] Started Ubuntu Advantage update messaging.
[[0;32m  OK  [0m] Listening on ACPID Listen Socket.
         Starting Socket activation for snappy daemon.
[[0;32m  OK  [0m] Listening on UUID daemon activation socket.
         Starting LXD - unix socket.
[[0;32m  OK  [0m] Started Daily Cleanup of Temporary Directories.
[[0;32m  OK  [0m] Started ACPI Events Check.
[[0;32m  OK  [0m] Reached target Paths.
[[0;32m  OK  [0m] Started Daily apt download activities.
[[0;32m  OK  [0m] Started Daily apt upgrade and clean activities.
[[0;32m  OK  [0m] Reached target Timers.
[[0;32m  OK  [0m] Listening on D-Bus System Message Bus Socket.
[[0;32m  OK  [0m] Listening on Socket activation for snappy daemon.
[[0;32m  OK  [0m] Listening on LXD - unix socket.
[[0;32m  OK  [0m] Reached target Sockets.
[[0;32m  OK  [0m] Reached target Basic System.
         Starting Accounts Service...
         Starting LXD - container startup/shutdown...
[[0;32m  OK  [0m] Started Regular background program processing daemon.
         Starting LSB: Record successful boot for GRUB...
[[0;32m  OK  [0m] Started D-Bus System Message Bus.
[[0;32m  OK  [0m] Started ACPI event daemon.
         Starting Pollinate to seed the pseudo random number generator...
[[0;32m  OK  [0m] Started Deferred execution scheduler.
[[0;32m  OK  [0m] Started FUSE filesystem for LXC.
         Starting LSB: MD monitoring daemon...
         Starting Login Service...
         Starting Virtualbox guest utils...
         Starting /etc/rc.local Compatibility...
         Starting System Logging Service...
         Starting Snap Daemon...
[[0;32m  OK  [0m] Started iSCSI initiator daemon (iscsid).
[[0;32m  OK  [0m] Started /etc/rc.local Compatibility.
         Starting Login to default iSCSI targets...
[[0;32m  OK  [0m] Started Login to default iSCSI targets.
[[0;32m  OK  [0m] Reached target Remote File Systems (Pre).
[[0;32m  OK  [0m] Reached target Remote File Systems.
         Starting Permit User Sessions...
         Starting LSB: automatic crash report generation...
         Starting LSB: Set the CPU Frequency Scaling governor to "ondemand"...
         Starting LSB: daemon to balance interrupts for SMP systems...
[[0;32m  OK  [0m] Started System Logging Service.
[[0;32m  OK  [0m] Started LSB: Record successful boot for GRUB.
[[0;32m  OK  [0m] Started Permit User Sessions.
[[0;32m  OK  [0m] Started LSB: MD monitoring daemon.
         Starting Hold until boot process finishes up...
         Starting Terminate Plymouth Boot Screen...
[[0;32m  OK  [0m] Started Hold until boot process finishes up.
         Starting Set console scheme...
[[0;32m  OK  [0m] Started Serial Getty on ttyS0.
[[0;32m  OK  [0m] Started Getty on tty1.
[[0;32m  OK  [0m] Reached target Login Prompts.
[[0;32m  OK  [0m] Started Terminate Plymouth Boot Screen.
[[0;32m  OK  [0m] Started Set console scheme.
[[0;32m  OK  [0m] Started LSB: Set the CPU Frequency Scaling governor to "ondemand".
[[0;32m  OK  [0m] Started LXD - container startup/shutdown.
[[0;32m  OK  [0m] Started LSB: automatic crash report generation.
[[0;32m  OK  [0m] Started LSB: daemon to balance interrupts for SMP systems.
[[0;32m  OK  [0m] Started Login Service.
[[0;32m  OK  [0m] Started Unattended Upgrades Shutdown.

Ubuntu 16.04.7 LTS ubuntu-xenial ttyS0

ubuntu-xenial login: 